2015-01-08 21:40:59.6111 Slammer.SlammerUIHandler..ctor Info Found plugin for rift
2015-01-08 21:40:59.6851 Slammer.SlammerUIHandler..ctor Warn Initializing plugin, please load rift
2015-01-08 21:40:59.6851 ES.Windows.WindowTools.GetProcess Info Finding process rift
2015-01-08 21:40:59.6851 Slammer.SlammerUIHandler..ctor Fatal Error - unable to load game
2015-01-08 21:40:59.7641 Slammer.Slammer..ctor Info Initializing Slammer
2015-01-08 21:40:59.9611 Slammer.Slammer..ctor Info Slammer Loaded
2015-01-10 15:20:15.5240 Slammer.SlammerUIHandler..ctor Info Found plugin for rift
2015-01-10 15:20:15.5880 Slammer.SlammerUIHandler..ctor Warn Initializing plugin, please load rift
2015-01-10 15:20:15.6020 ES.Windows.WindowTools.GetProcess Info Finding process rift
2015-01-10 15:20:15.6160 Slammer.SlammerUIHandler..ctor Fatal Error - unable to load game
2015-01-10 15:20:15.6520 Slammer.Slammer..ctor Info Initializing Slammer
2015-01-10 15:20:15.8320 Slammer.Slammer..ctor Info Slammer Loaded
2015-01-11 11:20:50.6524 Slammer.SlammerUIHandler..ctor Info Found plugin for rift
2015-01-11 11:20:50.7085 Slammer.SlammerUIHandler..ctor Warn Initializing plugin, please load rift
2015-01-11 11:20:50.7085 ES.Windows.WindowTools.GetProcess Info Finding process rift
2015-01-11 11:20:50.7215 Slammer.SlammerUIHandler..ctor Fatal Error - unable to load game
2015-01-11 11:20:50.7385 Slammer.Slammer..ctor Info Initializing Slammer
2015-01-11 11:20:50.8295 Slammer.Slammer..ctor Info Slammer Loaded
2015-01-11 17:27:40.5923 Slammer.SlammerUIHandler..ctor Info Found plugin for rift
2015-01-11 17:27:40.6563 Slammer.SlammerUIHandler..ctor Warn Initializing plugin, please load rift
2015-01-11 17:27:40.6563 ES.Windows.WindowTools.GetProcess Info Finding process rift
2015-01-11 17:27:40.6563 Slammer.SlammerUIHandler..ctor Fatal Error - unable to load game
2015-01-11 17:27:40.6793 Slammer.Slammer..ctor Info Initializing Slammer
2015-01-11 17:27:40.7824 Slammer.Slammer..ctor Info Slammer Loaded
2015-01-11 18:52:13.5435 Slammer.SlammerUIHandler..ctor Info Found plugin for rift
2015-01-11 18:52:13.6025 Slammer.SlammerUIHandler..ctor Warn Initializing plugin, please load rift
2015-01-11 18:52:13.6025 ES.Windows.WindowTools.GetProcess Info Finding process rift
2015-01-11 18:52:13.6025 Slammer.SlammerUIHandler..ctor Fatal Error - unable to load game
2015-01-11 18:52:13.6265 Slammer.Slammer..ctor Info Initializing Slammer
2015-01-11 18:52:13.7445 Slammer.Slammer..ctor Info Slammer Loaded
2015-01-11 19:32:24.6004 Slammer.SlammerUIHandler..ctor Info Found plugin for rift
2015-01-11 19:32:24.6514 Slammer.SlammerUIHandler..ctor Warn Initializing plugin, please load rift
2015-01-11 19:32:24.6604 ES.Windows.WindowTools.GetProcess Info Finding process rift
2015-01-11 19:32:24.6604 Slammer.SlammerUIHandler..ctor Fatal Error - unable to load game
2015-01-11 19:32:24.6834 Slammer.Slammer..ctor Info Initializing Slammer
2015-01-11 19:32:24.7624 Slammer.Slammer..ctor Info Slammer Loaded
2015-01-11 19:53:06.1644 Slammer.SlammerUIHandler..ctor Info Found plugin for rift
2015-01-11 19:53:06.2134 Slammer.SlammerUIHandler..ctor Warn Initializing plugin, please load rift
2015-01-11 19:53:06.2134 ES.Windows.WindowTools.GetProcess Info Finding process rift
2015-01-11 19:53:06.2134 Slammer.SlammerUIHandler..ctor Fatal Error - unable to load game
2015-01-11 19:53:06.2414 Slammer.Slammer..ctor Info Initializing Slammer
2015-01-11 19:53:06.3254 Slammer.Slammer..ctor Info Slammer Loaded
2015-01-11 20:06:30.7524 Slammer.SlammerUIHandler..ctor Info Found plugin for rift
2015-01-11 20:06:30.8064 Slammer.SlammerUIHandler..ctor Warn Initializing plugin, please load rift
2015-01-11 20:06:30.8164 ES.Windows.WindowTools.GetProcess Info Finding process rift
2015-01-11 20:06:30.8164 Slammer.SlammerUIHandler..ctor Fatal Error - unable to load game
2015-01-11 20:06:30.8334 Slammer.Slammer..ctor Info Initializing Slammer
2015-01-11 20:06:30.9164 Slammer.Slammer..ctor Info Slammer Loaded
2015-01-12 23:25:24.2720 Slammer.SlammerUIHandler..ctor Info Found plugin for rift
2015-01-12 23:25:24.3270 Slammer.SlammerUIHandler..ctor Warn Initializing plugin, please load rift
2015-01-12 23:25:24.3270 ES.Windows.WindowTools.GetProcess Info Finding process rift
2015-01-12 23:25:24.3460 Slammer.SlammerUIHandler..ctor Fatal Error - unable to load game
2015-01-12 23:25:24.3840 Slammer.Slammer..ctor Info Initializing Slammer
2015-01-12 23:25:24.5260 Slammer.Slammer..ctor Info Slammer Loaded
2015-01-18 23:43:05.7553 Slammer.SlammerUIHandler..ctor Info Found plugin for rift
2015-01-18 23:43:05.7943 Slammer.SlammerUIHandler..ctor Warn Initializing plugin, please load rift
2015-01-18 23:43:05.7943 ES.Windows.WindowTools.GetProcess Info Finding process rift
2015-01-18 23:43:30.5457 Slammer.SlammerUIHandler..ctor Info Found plugin for rift
2015-01-18 23:43:30.5977 Slammer.SlammerUIHandler..ctor Warn Initializing plugin, please load rift
2015-01-18 23:43:30.5977 ES.Windows.WindowTools.GetProcess Info Finding process rift
2015-01-18 23:43:30.5977 Slammer.SlammerUIHandler..ctor Fatal Error - unable to load game
2015-01-18 23:43:30.6277 Slammer.Slammer..ctor Info Initializing Slammer
2015-01-18 23:43:30.7517 Slammer.Slammer..ctor Info Slammer Loaded
2015-02-01 16:17:12.7371 Slammer.SlammerUIHandler..ctor Info Found plugin for rift
2015-02-01 16:17:12.7992 Slammer.SlammerUIHandler..ctor Warn Initializing plugin, please load rift
2015-02-01 16:17:12.7992 ES.Windows.WindowTools.GetProcess Info Finding process rift
2015-02-01 16:17:12.8172 Slammer.SlammerUIHandler..ctor Fatal Error - unable to load game
2015-02-01 16:17:12.8492 Slammer.Slammer..ctor Info Initializing Slammer
2015-02-01 16:17:13.0102 Slammer.Slammer..ctor Info Slammer Loaded
2015-02-07 19:44:35.4940 Slammer.SlammerUIHandler..ctor Info Found plugin for rift
2015-02-07 19:44:35.5680 Slammer.SlammerUIHandler..ctor Warn Initializing plugin, please load rift
2015-02-07 19:44:35.5680 ES.Windows.WindowTools.GetProcess Info Finding process rift
2015-02-07 19:44:53.2470 Slammer.SlammerUIHandler..ctor Fatal Error - unable to load game
2015-02-07 19:44:53.3530 Slammer.Slammer..ctor Info Initializing Slammer
2015-02-07 19:44:53.5330 Slammer.Slammer..ctor Info Slammer Loaded
